<?xml version="1.0" encoding="UTF-8"?>
<!-- Generated by org.testng.reporters.JUnitXMLReporter -->
<testsuite hostname="LAPTOP-CJ7OEMLI" ignored="0" name="Student Registration Page" tests="1" failures="1" timestamp="30 Dec 2022 11:26:34 GMT" time="5.541" errors="0">
  <testcase name="loadUrl" time="4.823" classname="tech.kefi.testcases.StudRegisPage">
    <failure type="java.lang.AssertionError" message="Student registration page load failure !!! expected [false] but found [true]">
      <![CDATA[java.lang.AssertionError: Student registration page load failure !!! expected [false] but found [true]
at tech.kefi.testcases.StudRegisPage.loadUrl(StudRegisPage.java:18)
... Removed 28 stack frames]]>
    </failure>
  </testcase> <!-- loadUrl -->
</testsuite> <!-- Student Registration Page -->
